2014/04/28 09:09:03 [error] [exception.CHttpException.404] exception 'CHttpException' with message 'The system is unable to find the requested action "page?view=about".' in /Applications/XAMPP/xamppfiles/htdocs/yii/framework/web/CController.php:483
Stack trace:
#0 /Applications/XAMPP/xamppfiles/htdocs/yii/framework/web/CController.php(270): CController->missingAction('page?view=about')
#1 /Applications/XAMPP/xamppfiles/htdocs/yii/framework/web/CWebApplication.php(282): CController->run('page?view=about')
#2 /Applications/XAMPP/xamppfiles/htdocs/yii/framework/web/CWebApplication.php(141): CWebApplication->runController('site/page?view=...')
#3 /Applications/XAMPP/xamppfiles/htdocs/yii/framework/base/CApplication.php(180): CWebApplication->processRequest()
#4 /Applications/XAMPP/xamppfiles/htdocs/learn_yii/index.php(13): CApplication->run()
#5 {main}
REQUEST_URI=/learn_yii/index.php/gioi-thieu
---
2014/04/28 09:10:47 [error] [exception.CHttpException.404] exception 'CHttpException' with message 'The requested view "index" was not found.' in /Applications/XAMPP/xamppfiles/htdocs/yii/framework/web/actions/CViewAction.php:112
Stack trace:
#0 /Applications/XAMPP/xamppfiles/htdocs/yii/framework/web/actions/CViewAction.php(123): CViewAction->resolveView('index')
#1 /Applications/XAMPP/xamppfiles/htdocs/yii/framework/web/actions/CAction.php(76): CViewAction->run()
#2 /Applications/XAMPP/xamppfiles/htdocs/yii/framework/web/CController.php(308): CAction->runWithParams(Array)
#3 /Applications/XAMPP/xamppfiles/htdocs/yii/framework/web/CController.php(286): CController->runAction(Object(CViewAction))
#4 /Applications/XAMPP/xamppfiles/htdocs/yii/framework/web/CController.php(265): CController->runActionWithFilters(Object(CViewAction), Array)
#5 /Applications/XAMPP/xamppfiles/htdocs/yii/framework/web/CWebApplication.php(282): CController->run('page')
#6 /Applications/XAMPP/xamppfiles/htdocs/yii/framework/web/CWebApplication.php(141): CWebApplication->runController('site/page')
#7 /Applications/XAMPP/xamppfiles/htdocs/yii/framework/base/CApplication.php(180): CWebApplication->processRequest()
#8 /Applications/XAMPP/xamppfiles/htdocs/learn_yii/index.php(13): CApplication->run()
#9 {main}
REQUEST_URI=/learn_yii/index.php/site/index
HTTP_REFERER=http://localhost/learn_yii/index.php/site/page?view=about
---
2014/04/28 09:10:48 [error] [exception.CHttpException.404] exception 'CHttpException' with message 'The requested view "index" was not found.' in /Applications/XAMPP/xamppfiles/htdocs/yii/framework/web/actions/CViewAction.php:112
Stack trace:
#0 /Applications/XAMPP/xamppfiles/htdocs/yii/framework/web/actions/CViewAction.php(123): CViewAction->resolveView('index')
#1 /Applications/XAMPP/xamppfiles/htdocs/yii/framework/web/actions/CAction.php(76): CViewAction->run()
#2 /Applications/XAMPP/xamppfiles/htdocs/yii/framework/web/CController.php(308): CAction->runWithParams(Array)
#3 /Applications/XAMPP/xamppfiles/htdocs/yii/framework/web/CController.php(286): CController->runAction(Object(CViewAction))
#4 /Applications/XAMPP/xamppfiles/htdocs/yii/framework/web/CController.php(265): CController->runActionWithFilters(Object(CViewAction), Array)
#5 /Applications/XAMPP/xamppfiles/htdocs/yii/framework/web/CWebApplication.php(282): CController->run('page')
#6 /Applications/XAMPP/xamppfiles/htdocs/yii/framework/web/CWebApplication.php(141): CWebApplication->runController('site/page')
#7 /Applications/XAMPP/xamppfiles/htdocs/yii/framework/base/CApplication.php(180): CWebApplication->processRequest()
#8 /Applications/XAMPP/xamppfiles/htdocs/learn_yii/index.php(13): CApplication->run()
#9 {main}
REQUEST_URI=/learn_yii/index.php/site/index
HTTP_REFERER=http://localhost/learn_yii/index.php/site/index
---
2014/04/28 09:10:52 [error] [exception.CHttpException.404] exception 'CHttpException' with message 'The requested view "index" was not found.' in /Applications/XAMPP/xamppfiles/htdocs/yii/framework/web/actions/CViewAction.php:112
Stack trace:
#0 /Applications/XAMPP/xamppfiles/htdocs/yii/framework/web/actions/CViewAction.php(123): CViewAction->resolveView('index')
#1 /Applications/XAMPP/xamppfiles/htdocs/yii/framework/web/actions/CAction.php(76): CViewAction->run()
#2 /Applications/XAMPP/xamppfiles/htdocs/yii/framework/web/CController.php(308): CAction->runWithParams(Array)
#3 /Applications/XAMPP/xamppfiles/htdocs/yii/framework/web/CController.php(286): CController->runAction(Object(CViewAction))
#4 /Applications/XAMPP/xamppfiles/htdocs/yii/framework/web/CController.php(265): CController->runActionWithFilters(Object(CViewAction), Array)
#5 /Applications/XAMPP/xamppfiles/htdocs/yii/framework/web/CWebApplication.php(282): CController->run('page')
#6 /Applications/XAMPP/xamppfiles/htdocs/yii/framework/web/CWebApplication.php(141): CWebApplication->runController('site/page')
#7 /Applications/XAMPP/xamppfiles/htdocs/yii/framework/base/CApplication.php(180): CWebApplication->processRequest()
#8 /Applications/XAMPP/xamppfiles/htdocs/learn_yii/index.php(13): CApplication->run()
#9 {main}
REQUEST_URI=/learn_yii/index.php/site/index
HTTP_REFERER=http://localhost/learn_yii/index.php/site/index
---
2014/04/28 09:17:40 [error] [exception.CHttpException.404] exception 'CHttpException' with message 'Unable to resolve the request "home".' in /Applications/XAMPP/xamppfiles/htdocs/yii/framework/web/CWebApplication.php:286
Stack trace:
#0 /Applications/XAMPP/xamppfiles/htdocs/yii/framework/web/CWebApplication.php(141): CWebApplication->runController('home')
#1 /Applications/XAMPP/xamppfiles/htdocs/yii/framework/base/CApplication.php(180): CWebApplication->processRequest()
#2 /Applications/XAMPP/xamppfiles/htdocs/learn_yii/index.php(13): CApplication->run()
#3 {main}
REQUEST_URI=/learn_yii/home
HTTP_REFERER=http://localhost/learn_yii/home
---
2014/04/28 09:17:42 [error] [exception.CHttpException.404] exception 'CHttpException' with message 'The requested view "index" was not found.' in /Applications/XAMPP/xamppfiles/htdocs/yii/framework/web/actions/CViewAction.php:112
Stack trace:
#0 /Applications/XAMPP/xamppfiles/htdocs/yii/framework/web/actions/CViewAction.php(123): CViewAction->resolveView('index')
#1 /Applications/XAMPP/xamppfiles/htdocs/yii/framework/web/actions/CAction.php(76): CViewAction->run()
#2 /Applications/XAMPP/xamppfiles/htdocs/yii/framework/web/CController.php(308): CAction->runWithParams(Array)
#3 /Applications/XAMPP/xamppfiles/htdocs/yii/framework/web/CController.php(286): CController->runAction(Object(CViewAction))
#4 /Applications/XAMPP/xamppfiles/htdocs/yii/framework/web/CController.php(265): CController->runActionWithFilters(Object(CViewAction), Array)
#5 /Applications/XAMPP/xamppfiles/htdocs/yii/framework/web/CWebApplication.php(282): CController->run('page')
#6 /Applications/XAMPP/xamppfiles/htdocs/yii/framework/web/CWebApplication.php(141): CWebApplication->runController('site/page')
#7 /Applications/XAMPP/xamppfiles/htdocs/yii/framework/base/CApplication.php(180): CWebApplication->processRequest()
#8 /Applications/XAMPP/xamppfiles/htdocs/learn_yii/index.php(13): CApplication->run()
#9 {main}
REQUEST_URI=/learn_yii/site/index
HTTP_REFERER=http://localhost/learn_yii/home
---
2014/04/28 09:17:44 [error] [exception.CHttpException.404] exception 'CHttpException' with message 'The requested view "index" was not found.' in /Applications/XAMPP/xamppfiles/htdocs/yii/framework/web/actions/CViewAction.php:112
Stack trace:
#0 /Applications/XAMPP/xamppfiles/htdocs/yii/framework/web/actions/CViewAction.php(123): CViewAction->resolveView('index')
#1 /Applications/XAMPP/xamppfiles/htdocs/yii/framework/web/actions/CAction.php(76): CViewAction->run()
#2 /Applications/XAMPP/xamppfiles/htdocs/yii/framework/web/CController.php(308): CAction->runWithParams(Array)
#3 /Applications/XAMPP/xamppfiles/htdocs/yii/framework/web/CController.php(286): CController->runAction(Object(CViewAction))
#4 /Applications/XAMPP/xamppfiles/htdocs/yii/framework/web/CController.php(265): CController->runActionWithFilters(Object(CViewAction), Array)
#5 /Applications/XAMPP/xamppfiles/htdocs/yii/framework/web/CWebApplication.php(282): CController->run('page')
#6 /Applications/XAMPP/xamppfiles/htdocs/yii/framework/web/CWebApplication.php(141): CWebApplication->runController('site/page')
#7 /Applications/XAMPP/xamppfiles/htdocs/yii/framework/base/CApplication.php(180): CWebApplication->processRequest()
#8 /Applications/XAMPP/xamppfiles/htdocs/learn_yii/index.php(13): CApplication->run()
#9 {main}
REQUEST_URI=/learn_yii/site/index
HTTP_REFERER=http://localhost/learn_yii/site/index
---
2014/04/28 09:17:44 [error] [exception.CHttpException.404] exception 'CHttpException' with message 'The requested view "index" was not found.' in /Applications/XAMPP/xamppfiles/htdocs/yii/framework/web/actions/CViewAction.php:112
Stack trace:
#0 /Applications/XAMPP/xamppfiles/htdocs/yii/framework/web/actions/CViewAction.php(123): CViewAction->resolveView('index')
#1 /Applications/XAMPP/xamppfiles/htdocs/yii/framework/web/actions/CAction.php(76): CViewAction->run()
#2 /Applications/XAMPP/xamppfiles/htdocs/yii/framework/web/CController.php(308): CAction->runWithParams(Array)
#3 /Applications/XAMPP/xamppfiles/htdocs/yii/framework/web/CController.php(286): CController->runAction(Object(CViewAction))
#4 /Applications/XAMPP/xamppfiles/htdocs/yii/framework/web/CController.php(265): CController->runActionWithFilters(Object(CViewAction), Array)
#5 /Applications/XAMPP/xamppfiles/htdocs/yii/framework/web/CWebApplication.php(282): CController->run('page')
#6 /Applications/XAMPP/xamppfiles/htdocs/yii/framework/web/CWebApplication.php(141): CWebApplication->runController('site/page')
#7 /Applications/XAMPP/xamppfiles/htdocs/yii/framework/base/CApplication.php(180): CWebApplication->processRequest()
#8 /Applications/XAMPP/xamppfiles/htdocs/learn_yii/index.php(13): CApplication->run()
#9 {main}
REQUEST_URI=/learn_yii/site/index
HTTP_REFERER=http://localhost/learn_yii/site/index
---
2014/04/28 09:50:02 [error] [exception.CException] exception 'CException' with message 'Property "TblUser.name" is not defined.' in /Applications/XAMPP/xamppfiles/htdocs/learn_yii/framework/base/CComponent.php:130
Stack trace:
#0 /Applications/XAMPP/xamppfiles/htdocs/learn_yii/framework/db/ar/CActiveRecord.php(145): CComponent->__get('name')
#1 /Applications/XAMPP/xamppfiles/htdocs/learn_yii/protected/components/UserIdentity.php(28): CActiveRecord->__get('name')
#2 /Applications/XAMPP/xamppfiles/htdocs/learn_yii/protected/models/LoginForm.php(52): UserIdentity->authenticate()
#3 /Applications/XAMPP/xamppfiles/htdocs/learn_yii/framework/validators/CInlineValidator.php(42): LoginForm->authenticate('password', Array)
#4 /Applications/XAMPP/xamppfiles/htdocs/learn_yii/framework/validators/CValidator.php(213): CInlineValidator->validateAttribute(Object(LoginForm), 'password')
#5 /Applications/XAMPP/xamppfiles/htdocs/learn_yii/framework/base/CModel.php(159): CValidator->validate(Object(LoginForm), NULL)
#6 /Applications/XAMPP/xamppfiles/htdocs/learn_yii/protected/controllers/SiteController.php(94): CModel->validate()
#7 /Applications/XAMPP/xamppfiles/htdocs/learn_yii/framework/web/actions/CInlineAction.php(49): SiteController->actionLogin()
#8 /Applications/XAMPP/xamppfiles/htdocs/learn_yii/framework/web/CController.php(308): CInlineAction->runWithParams(Array)
#9 /Applications/XAMPP/xamppfiles/htdocs/learn_yii/framework/web/CController.php(286): CController->runAction(Object(CInlineAction))
#10 /Applications/XAMPP/xamppfiles/htdocs/learn_yii/framework/web/CController.php(265): CController->runActionWithFilters(Object(CInlineAction), Array)
#11 /Applications/XAMPP/xamppfiles/htdocs/learn_yii/framework/web/CWebApplication.php(282): CController->run('login')
#12 /Applications/XAMPP/xamppfiles/htdocs/learn_yii/framework/web/CWebApplication.php(141): CWebApplication->runController('site/login')
#13 /Applications/XAMPP/xamppfiles/htdocs/learn_yii/framework/base/CApplication.php(180): CWebApplication->processRequest()
#14 /Applications/XAMPP/xamppfiles/htdocs/learn_yii/index.php(13): CApplication->run()
#15 {main}
REQUEST_URI=/learn_yii/site/login
HTTP_REFERER=http://localhost/learn_yii/site/login
---
